<?xml version="1.0" encoding="UTF-8" ?>
<testsuite failures="0" time="0.079" errors="0" skipped="0" tests="2" name="net.shazam.rnd.cxfrest.HelloWorldIT">
  <properties>
    <property name="java.runtime.name" value="Java(TM) SE Runtime Environment"/>
    <property name="sun.boot.library.path" value="C:\Program Files\Java\jdk1.7.0_11\jre\bin"/>
    <property name="java.vm.version" value="23.6-b04"/>
    <property name="java.vm.vendor" value="Oracle Corporation"/>
    <property name="java.vendor.url" value="http://java.oracle.com/"/>
    <property name="path.separator" value=";"/>
    <property name="java.vm.name" value="Java HotSpot(TM) 64-Bit Server VM"/>
    <property name="file.encoding.pkg" value="sun.io"/>
    <property name="user.script" value=""/>
    <property name="user.country" value="US"/>
    <property name="sun.java.launcher" value="SUN_STANDARD"/>
    <property name="sun.os.patch.level" value="Service Pack 1"/>
    <property name="java.vm.specification.name" value="Java Virtual Machine Specification"/>
    <property name="user.dir" value="C:\Users\sobryan\git\java\cxfrest"/>
    <property name="java.runtime.version" value="1.7.0_11-b21"/>
    <property name="java.awt.graphicsenv" value="sun.awt.Win32GraphicsEnvironment"/>
    <property name="basedir" value="C:\Users\sobryan\git\java\cxfrest"/>
    <property name="java.endorsed.dirs" value="C:\Program Files\Java\jdk1.7.0_11\jre\lib\endorsed"/>
    <property name="os.arch" value="amd64"/>
    <property name="surefire.real.class.path" value="C:\Users\sobryan\git\java\cxfrest\target\surefire\surefirebooter3090498275540195868.jar"/>
    <property name="java.io.tmpdir" value="C:\Users\sobryan\AppData\Local\Temp\"/>
    <property name="line.separator" value="
"/>
    <property name="java.vm.specification.vendor" value="Oracle Corporation"/>
    <property name="user.variant" value=""/>
    <property name="os.name" value="Windows 7"/>
    <property name="sun.jnu.encoding" value="Cp1252"/>
    <property name="java.library.path" value="C:\Program Files\Java\jdk1.7.0_11\jre\bin;C:\WINDOWS\Sun\Java\bin;C:\WINDOWS\system32;C:\WINDOWS;C:\Program Files (x86)\ATI Stream\bin\x86_64;C:\Program Files (x86)\ATI Stream\bin\x86;C:\WINDOWS\system32;C:\WINDOWS;C:\WINDOWS\System32\Wbem;C:\WINDOWS\System32\WindowsPowerShell\v1.0\;C:\Program Files (x86)\ATI Technologies\ATI.ACE\Core-Static;C:\Program Files (X86)\Winzip\;C:\Program Files (x86)\Voltage Security\Voltage SecureMail\;C:\Program Files (x86)\Common Files\Voltage Security\;C:\Program Files\Voltage Security\Voltage SecureMail\;C:\Program Files\Common Files\Voltage Security\;C:\Program Files (x86)\Apache-Ant-1.8.1\BIN;C:\PROGRA~2\CVSNT;C:\PROGRA~2\CVSNT;C:\PROGRA~2\CVSNT;C:\j2sdk1.4.2_13\bin;C:\Program Files\Winzip\;C:\nonsync\Continuum\Anaconda;C:\nonsync\Continuum\Anaconda\Scripts;C:\Ruby193\bin;C:\Program Files (x86)\ATI Stream\bin\x86_64;C:\Program Files (x86)\ATI Stream\bin\x86;C:\WINDOWS\system32;C:\WINDOWS;C:\WINDOWS\System32\Wbem;C:\WINDOWS\System32\WindowsPowerShell\v1.0\;C:\Program Files (x86)\ATI Technologies\ATI.ACE\Core-Static;C:\Program Files (X86)\Winzip\;C:\Program Files (x86)\Voltage Security\Voltage SecureMail\;C:\Program Files (x86)\Common Files\Voltage Security\;C:\Program Files\Voltage Security\Voltage SecureMail\;C:\Program Files\Common Files\Voltage Security\;C:\Program Files (x86)\Apache-Ant-1.8.1\BIN;C:\PROGRA~2\CVSNT;C:\PROGRA~2\CVSNT;C:\PROGRA~2\CVSNT;C:\j2sdk1.4.2_13\bin;C:\Program Files\Winzip\;C:\Program Files\IBM\SQLLIB\BIN;C:\Program Files\Java\jdk1.7.0_11\bin;&quot;\\itsdata\corpshare\its apps&quot;;&quot;C:\Selenium&quot;;&quot;C:\nonsync\nodejs&quot;;&quot;C:\nonsync\node_modules\cordova\bin&quot;;&quot;C:\cygwin64\bin&quot;;&quot;C:\nonsync\rdp&quot;;&quot;C:\jython2.5.3&quot;;&quot;C:\Program Files (x86)\Notepad++&quot;;&quot;C:\nonsync\gtksharp\Mono-3.2.3&quot;;&quot;C:\nonsync\gtksharp\Mono-3.2.3\bin&quot;;&quot;C:\nonsync\git\cmd&quot;;&quot;C:\nonsync\gradle\bin&quot;;&quot;C:\Program Files\Java\jdk1.7.0_11\bin&quot;;&quot;C:\nonsync\dev\Tools\sysinternals&quot;;&quot;C:\nonsync\apache-maven-3.2.3\bin&quot;;;."/>
    <property name="surefire.test.class.path" value="C:\Users\sobryan\git\java\cxfrest\target\test-classes;C:\Users\sobryan\git\java\cxfrest\target\classes;Q:\PortableProfile\.m2\repository\org\apache\cxf\cxf-rt-frontend-jaxrs\3.0.2\cxf-rt-frontend-jaxrs-3.0.2.jar;Q:\PortableProfile\.m2\repository\org\apache\cxf\cxf-core\3.0.2\cxf-core-3.0.2.jar;Q:\PortableProfile\.m2\repository\org\codehaus\woodstox\woodstox-core-asl\4.4.1\woodstox-core-asl-4.4.1.jar;Q:\PortableProfile\.m2\repository\org\codehaus\woodstox\stax2-api\3.1.4\stax2-api-3.1.4.jar;Q:\PortableProfile\.m2\repository\org\apache\ws\xmlschema\xmlschema-core\2.1.0\xmlschema-core-2.1.0.jar;Q:\PortableProfile\.m2\repository\javax\ws\rs\javax.ws.rs-api\2.0.1\javax.ws.rs-api-2.0.1.jar;Q:\PortableProfile\.m2\repository\javax\annotation\javax.annotation-api\1.2\javax.annotation-api-1.2.jar;Q:\PortableProfile\.m2\repository\org\apache\cxf\cxf-rt-transports-http\3.0.2\cxf-rt-transports-http-3.0.2.jar;Q:\PortableProfile\.m2\repository\org\apache\cxf\cxf-rt-rs-client\3.0.2\cxf-rt-rs-client-3.0.2.jar;Q:\PortableProfile\.m2\repository\org\codehaus\jackson\jackson-core-asl\1.8.6\jackson-core-asl-1.8.6.jar;Q:\PortableProfile\.m2\repository\org\codehaus\jackson\jackson-mapper-asl\1.8.6\jackson-mapper-asl-1.8.6.jar;Q:\PortableProfile\.m2\repository\org\codehaus\jackson\jackson-jaxrs\1.8.6\jackson-jaxrs-1.8.6.jar;Q:\PortableProfile\.m2\repository\org\springframework\spring-web\3.2.6.RELEASE\spring-web-3.2.6.RELEASE.jar;Q:\PortableProfile\.m2\repository\aopalliance\aopalliance\1.0\aopalliance-1.0.jar;Q:\PortableProfile\.m2\repository\org\springframework\spring-aop\3.2.6.RELEASE\spring-aop-3.2.6.RELEASE.jar;Q:\PortableProfile\.m2\repository\org\springframework\spring-beans\3.2.6.RELEASE\spring-beans-3.2.6.RELEASE.jar;Q:\PortableProfile\.m2\repository\org\springframework\spring-context\3.2.6.RELEASE\spring-context-3.2.6.RELEASE.jar;Q:\PortableProfile\.m2\repository\org\springframework\spring-expression\3.2.6.RELEASE\spring-expression-3.2.6.RELEASE.jar;Q:\PortableProfile\.m2\repository\org\springframework\spring-core\3.2.6.RELEASE\spring-core-3.2.6.RELEASE.jar;Q:\PortableProfile\.m2\repository\commons-logging\commons-logging\1.1.1\commons-logging-1.1.1.jar;Q:\PortableProfile\.m2\repository\junit\junit\4.11\junit-4.11.jar;Q:\PortableProfile\.m2\repository\org\hamcrest\hamcrest-core\1.3\hamcrest-core-1.3.jar;Q:\PortableProfile\.m2\repository\javax\annotation\jsr250-api\1.0\jsr250-api-1.0.jar;Q:\PortableProfile\.m2\repository\javax\servlet\javax.servlet-api\3.1.0\javax.servlet-api-3.1.0.jar;"/>
    <property name="java.specification.name" value="Java Platform API Specification"/>
    <property name="java.class.version" value="51.0"/>
    <property name="sun.management.compiler" value="HotSpot 64-Bit Tiered Compilers"/>
    <property name="os.version" value="6.1"/>
    <property name="user.home" value="Q:\PortableProfile"/>
    <property name="user.timezone" value=""/>
    <property name="java.awt.printerjob" value="sun.awt.windows.WPrinterJob"/>
    <property name="java.specification.version" value="1.7"/>
    <property name="file.encoding" value="Cp1252"/>
    <property name="user.name" value="sobryan"/>
    <property name="java.class.path" value="C:\Users\sobryan\git\java\cxfrest\target\test-classes;C:\Users\sobryan\git\java\cxfrest\target\classes;Q:\PortableProfile\.m2\repository\org\apache\cxf\cxf-rt-frontend-jaxrs\3.0.2\cxf-rt-frontend-jaxrs-3.0.2.jar;Q:\PortableProfile\.m2\repository\org\apache\cxf\cxf-core\3.0.2\cxf-core-3.0.2.jar;Q:\PortableProfile\.m2\repository\org\codehaus\woodstox\woodstox-core-asl\4.4.1\woodstox-core-asl-4.4.1.jar;Q:\PortableProfile\.m2\repository\org\codehaus\woodstox\stax2-api\3.1.4\stax2-api-3.1.4.jar;Q:\PortableProfile\.m2\repository\org\apache\ws\xmlschema\xmlschema-core\2.1.0\xmlschema-core-2.1.0.jar;Q:\PortableProfile\.m2\repository\javax\ws\rs\javax.ws.rs-api\2.0.1\javax.ws.rs-api-2.0.1.jar;Q:\PortableProfile\.m2\repository\javax\annotation\javax.annotation-api\1.2\javax.annotation-api-1.2.jar;Q:\PortableProfile\.m2\repository\org\apache\cxf\cxf-rt-transports-http\3.0.2\cxf-rt-transports-http-3.0.2.jar;Q:\PortableProfile\.m2\repository\org\apache\cxf\cxf-rt-rs-client\3.0.2\cxf-rt-rs-client-3.0.2.jar;Q:\PortableProfile\.m2\repository\org\codehaus\jackson\jackson-core-asl\1.8.6\jackson-core-asl-1.8.6.jar;Q:\PortableProfile\.m2\repository\org\codehaus\jackson\jackson-mapper-asl\1.8.6\jackson-mapper-asl-1.8.6.jar;Q:\PortableProfile\.m2\repository\org\codehaus\jackson\jackson-jaxrs\1.8.6\jackson-jaxrs-1.8.6.jar;Q:\PortableProfile\.m2\repository\org\springframework\spring-web\3.2.6.RELEASE\spring-web-3.2.6.RELEASE.jar;Q:\PortableProfile\.m2\repository\aopalliance\aopalliance\1.0\aopalliance-1.0.jar;Q:\PortableProfile\.m2\repository\org\springframework\spring-aop\3.2.6.RELEASE\spring-aop-3.2.6.RELEASE.jar;Q:\PortableProfile\.m2\repository\org\springframework\spring-beans\3.2.6.RELEASE\spring-beans-3.2.6.RELEASE.jar;Q:\PortableProfile\.m2\repository\org\springframework\spring-context\3.2.6.RELEASE\spring-context-3.2.6.RELEASE.jar;Q:\PortableProfile\.m2\repository\org\springframework\spring-expression\3.2.6.RELEASE\spring-expression-3.2.6.RELEASE.jar;Q:\PortableProfile\.m2\repository\org\springframework\spring-core\3.2.6.RELEASE\spring-core-3.2.6.RELEASE.jar;Q:\PortableProfile\.m2\repository\commons-logging\commons-logging\1.1.1\commons-logging-1.1.1.jar;Q:\PortableProfile\.m2\repository\junit\junit\4.11\junit-4.11.jar;Q:\PortableProfile\.m2\repository\org\hamcrest\hamcrest-core\1.3\hamcrest-core-1.3.jar;Q:\PortableProfile\.m2\repository\javax\annotation\jsr250-api\1.0\jsr250-api-1.0.jar;Q:\PortableProfile\.m2\repository\javax\servlet\javax.servlet-api\3.1.0\javax.servlet-api-3.1.0.jar;"/>
    <property name="java.vm.specification.version" value="1.7"/>
    <property name="sun.arch.data.model" value="64"/>
    <property name="java.home" value="C:\Program Files\Java\jdk1.7.0_11\jre"/>
    <property name="sun.java.command" value="C:\Users\sobryan\git\java\cxfrest\target\surefire\surefirebooter3090498275540195868.jar C:\Users\sobryan\git\java\cxfrest\target\surefire\surefire9211316863259022246tmp C:\Users\sobryan\git\java\cxfrest\target\surefire\surefire3070810343959474409tmp"/>
    <property name="service.url" value="http://localhost:54602/jaxrs-service"/>
    <property name="java.specification.vendor" value="Oracle Corporation"/>
    <property name="user.language" value="en"/>
    <property name="awt.toolkit" value="sun.awt.windows.WToolkit"/>
    <property name="java.vm.info" value="mixed mode"/>
    <property name="java.version" value="1.7.0_11"/>
    <property name="java.ext.dirs" value="C:\Program Files\Java\jdk1.7.0_11\jre\lib\ext;C:\WINDOWS\Sun\Java\lib\ext"/>
    <property name="sun.boot.class.path" value="C:\Program Files\Java\jdk1.7.0_11\jre\lib\resources.jar;C:\Program Files\Java\jdk1.7.0_11\jre\lib\rt.jar;C:\Program Files\Java\jdk1.7.0_11\jre\lib\sunrsasign.jar;C:\Program Files\Java\jdk1.7.0_11\jre\lib\jsse.jar;C:\Program Files\Java\jdk1.7.0_11\jre\lib\jce.jar;C:\Program Files\Java\jdk1.7.0_11\jre\lib\charsets.jar;C:\Program Files\Java\jdk1.7.0_11\jre\lib\jfr.jar;C:\Program Files\Java\jdk1.7.0_11\jre\classes"/>
    <property name="java.vendor" value="Oracle Corporation"/>
    <property name="localRepository" value="Q:\PortableProfile\.m2\repository"/>
    <property name="file.separator" value="\"/>
    <property name="java.vendor.url.bug" value="http://bugreport.sun.com/bugreport/"/>
    <property name="sun.cpu.endian" value="little"/>
    <property name="sun.io.unicode.encoding" value="UnicodeLittle"/>
    <property name="sun.desktop" value="windows"/>
    <property name="sun.cpu.isalist" value="amd64"/>
  </properties>
  <testcase time="0" classname="net.shazam.rnd.cxfrest.HelloWorldIT" name="testJsonRoundtrip"/>
  <testcase time="0" classname="net.shazam.rnd.cxfrest.HelloWorldIT" name="testPing"/>
</testsuite>