<?xml version="1.0" encoding="UTF-8" ?>
<testsuite failures="0" time="1.648" errors="0" skipped="0" tests="2" name="net.shazam.rnd.cxfrest.HelloWorldIT">
  <properties>
    <property name="java.runtime.name" value="Java(TM) SE Runtime Environment"/>
    <property name="sun.boot.library.path" value="C:\dev\programs\jdk1.7.0_60\jre\bin"/>
    <property name="java.vm.version" value="24.60-b09"/>
    <property name="java.vm.vendor" value="Oracle Corporation"/>
    <property name="java.vendor.url" value="http://java.oracle.com/"/>
    <property name="path.separator" value=";"/>
    <property name="java.vm.name" value="Java HotSpot(TM) 64-Bit Server VM"/>
    <property name="file.encoding.pkg" value="sun.io"/>
    <property name="user.script" value=""/>
    <property name="user.country" value="US"/>
    <property name="sun.java.launcher" value="SUN_STANDARD"/>
    <property name="sun.os.patch.level" value=""/>
    <property name="java.vm.specification.name" value="Java Virtual Machine Specification"/>
    <property name="user.dir" value="C:\dev\ws\java\CXFRest\cxfrest"/>
    <property name="java.runtime.version" value="1.7.0_60-b19"/>
    <property name="java.awt.graphicsenv" value="sun.awt.Win32GraphicsEnvironment"/>
    <property name="basedir" value="C:\dev\ws\java\CXFRest\cxfrest"/>
    <property name="java.endorsed.dirs" value="C:\dev\programs\jdk1.7.0_60\jre\lib\endorsed"/>
    <property name="os.arch" value="amd64"/>
    <property name="surefire.real.class.path" value="C:\dev\ws\java\CXFRest\cxfrest\target\surefire\surefirebooter4353310520247591716.jar"/>
    <property name="java.io.tmpdir" value="C:\Users\KRISHA~1\AppData\Local\Temp\"/>
    <property name="line.separator" value="
"/>
    <property name="java.vm.specification.vendor" value="Oracle Corporation"/>
    <property name="user.variant" value=""/>
    <property name="os.name" value="Windows 8.1"/>
    <property name="sun.jnu.encoding" value="Cp1252"/>
    <property name="java.library.path" value="C:\dev\programs\jdk1.7.0_60\jre\bin;C:\windows\Sun\Java\bin;C:\windows\system32;C:\windows;C:/dev/programs/Java8/bin/server;C:/dev/programs/Java8/bin;C:/dev/programs/Java8/lib/amd64;C:\ProgramData\Oracle\Java\javapath;C:\Program Files (x86)\Intel\iCLS Client\;C:\Program Files\Intel\iCLS Client\;C:\windows\system32;C:\windows;C:\windows\System32\Wbem;C:\windows\System32\WindowsPowerShell\v1.0\;C:\Program Files\Intel\Intel(R) Management Engine Components\DAL;C:\Program Files\Intel\Intel(R) Management Engine Components\IPT;C:\Program Files (x86)\Intel\Intel(R) Management Engine Components\DAL;C:\Program Files (x86)\Intel\Intel(R) Management Engine Components\IPT;C:\Program Files\Intel\WiFi\bin\;C:\Program Files\Common Files\Intel\WirelessCommon\;C:\dev\programs\nodejs\;C:\Users\Krishamoorthy\AppData\Roaming\npm;C:\dev\programs\nodejs;C:\dev\programs\jdk1.7.0_60\bin;C:\Program Files (x86)\Git\bin;C:\dev\programs\apache-ant-1.9.4\bin;C:\dev\programs\adt-bundle-windows-x86_64-20140321\sdk\tools;C:\dev\programs\adt-bundle-windows-x86_64-20140321\sdk\platform-tools;C:\dev\programs\Ruby200-x64\bin;C:\dev\programs\eclipse;;."/>
    <property name="surefire.test.class.path" value="C:\dev\ws\java\CXFRest\cxfrest\target\test-classes;C:\dev\ws\java\CXFRest\cxfrest\target\classes;C:\Users\Krishamoorthy\.m2\repository\org\apache\cxf\cxf-rt-frontend-jaxrs\3.0.2\cxf-rt-frontend-jaxrs-3.0.2.jar;C:\Users\Krishamoorthy\.m2\repository\org\apache\cxf\cxf-core\3.0.2\cxf-core-3.0.2.jar;C:\Users\Krishamoorthy\.m2\repository\org\codehaus\woodstox\woodstox-core-asl\4.4.1\woodstox-core-asl-4.4.1.jar;C:\Users\Krishamoorthy\.m2\repository\org\codehaus\woodstox\stax2-api\3.1.4\stax2-api-3.1.4.jar;C:\Users\Krishamoorthy\.m2\repository\org\apache\ws\xmlschema\xmlschema-core\2.1.0\xmlschema-core-2.1.0.jar;C:\Users\Krishamoorthy\.m2\repository\javax\ws\rs\javax.ws.rs-api\2.0.1\javax.ws.rs-api-2.0.1.jar;C:\Users\Krishamoorthy\.m2\repository\javax\annotation\javax.annotation-api\1.2\javax.annotation-api-1.2.jar;C:\Users\Krishamoorthy\.m2\repository\org\apache\cxf\cxf-rt-transports-http\3.0.2\cxf-rt-transports-http-3.0.2.jar;C:\Users\Krishamoorthy\.m2\repository\org\apache\cxf\cxf-rt-rs-client\3.0.2\cxf-rt-rs-client-3.0.2.jar;C:\Users\Krishamoorthy\.m2\repository\org\codehaus\jackson\jackson-core-asl\1.8.6\jackson-core-asl-1.8.6.jar;C:\Users\Krishamoorthy\.m2\repository\org\codehaus\jackson\jackson-mapper-asl\1.8.6\jackson-mapper-asl-1.8.6.jar;C:\Users\Krishamoorthy\.m2\repository\org\codehaus\jackson\jackson-jaxrs\1.8.6\jackson-jaxrs-1.8.6.jar;C:\Users\Krishamoorthy\.m2\repository\org\springframework\spring-web\3.2.6.RELEASE\spring-web-3.2.6.RELEASE.jar;C:\Users\Krishamoorthy\.m2\repository\aopalliance\aopalliance\1.0\aopalliance-1.0.jar;C:\Users\Krishamoorthy\.m2\repository\org\springframework\spring-aop\3.2.6.RELEASE\spring-aop-3.2.6.RELEASE.jar;C:\Users\Krishamoorthy\.m2\repository\org\springframework\spring-beans\3.2.6.RELEASE\spring-beans-3.2.6.RELEASE.jar;C:\Users\Krishamoorthy\.m2\repository\org\springframework\spring-context\3.2.6.RELEASE\spring-context-3.2.6.RELEASE.jar;C:\Users\Krishamoorthy\.m2\repository\org\springframework\spring-expression\3.2.6.RELEASE\spring-expression-3.2.6.RELEASE.jar;C:\Users\Krishamoorthy\.m2\repository\org\springframework\spring-core\3.2.6.RELEASE\spring-core-3.2.6.RELEASE.jar;C:\Users\Krishamoorthy\.m2\repository\commons-logging\commons-logging\1.1.1\commons-logging-1.1.1.jar;C:\Users\Krishamoorthy\.m2\repository\junit\junit\4.11\junit-4.11.jar;C:\Users\Krishamoorthy\.m2\repository\org\hamcrest\hamcrest-core\1.3\hamcrest-core-1.3.jar;"/>
    <property name="java.specification.name" value="Java Platform API Specification"/>
    <property name="java.class.version" value="51.0"/>
    <property name="sun.management.compiler" value="HotSpot 64-Bit Tiered Compilers"/>
    <property name="os.version" value="6.3"/>
    <property name="user.home" value="C:\Users\Krishamoorthy"/>
    <property name="user.timezone" value="America/Chicago"/>
    <property name="java.awt.printerjob" value="sun.awt.windows.WPrinterJob"/>
    <property name="java.specification.version" value="1.7"/>
    <property name="file.encoding" value="Cp1252"/>
    <property name="user.name" value="Krishamoorthy"/>
    <property name="java.class.path" value="C:\dev\ws\java\CXFRest\cxfrest\target\test-classes;C:\dev\ws\java\CXFRest\cxfrest\target\classes;C:\Users\Krishamoorthy\.m2\repository\org\apache\cxf\cxf-rt-frontend-jaxrs\3.0.2\cxf-rt-frontend-jaxrs-3.0.2.jar;C:\Users\Krishamoorthy\.m2\repository\org\apache\cxf\cxf-core\3.0.2\cxf-core-3.0.2.jar;C:\Users\Krishamoorthy\.m2\repository\org\codehaus\woodstox\woodstox-core-asl\4.4.1\woodstox-core-asl-4.4.1.jar;C:\Users\Krishamoorthy\.m2\repository\org\codehaus\woodstox\stax2-api\3.1.4\stax2-api-3.1.4.jar;C:\Users\Krishamoorthy\.m2\repository\org\apache\ws\xmlschema\xmlschema-core\2.1.0\xmlschema-core-2.1.0.jar;C:\Users\Krishamoorthy\.m2\repository\javax\ws\rs\javax.ws.rs-api\2.0.1\javax.ws.rs-api-2.0.1.jar;C:\Users\Krishamoorthy\.m2\repository\javax\annotation\javax.annotation-api\1.2\javax.annotation-api-1.2.jar;C:\Users\Krishamoorthy\.m2\repository\org\apache\cxf\cxf-rt-transports-http\3.0.2\cxf-rt-transports-http-3.0.2.jar;C:\Users\Krishamoorthy\.m2\repository\org\apache\cxf\cxf-rt-rs-client\3.0.2\cxf-rt-rs-client-3.0.2.jar;C:\Users\Krishamoorthy\.m2\repository\org\codehaus\jackson\jackson-core-asl\1.8.6\jackson-core-asl-1.8.6.jar;C:\Users\Krishamoorthy\.m2\repository\org\codehaus\jackson\jackson-mapper-asl\1.8.6\jackson-mapper-asl-1.8.6.jar;C:\Users\Krishamoorthy\.m2\repository\org\codehaus\jackson\jackson-jaxrs\1.8.6\jackson-jaxrs-1.8.6.jar;C:\Users\Krishamoorthy\.m2\repository\org\springframework\spring-web\3.2.6.RELEASE\spring-web-3.2.6.RELEASE.jar;C:\Users\Krishamoorthy\.m2\repository\aopalliance\aopalliance\1.0\aopalliance-1.0.jar;C:\Users\Krishamoorthy\.m2\repository\org\springframework\spring-aop\3.2.6.RELEASE\spring-aop-3.2.6.RELEASE.jar;C:\Users\Krishamoorthy\.m2\repository\org\springframework\spring-beans\3.2.6.RELEASE\spring-beans-3.2.6.RELEASE.jar;C:\Users\Krishamoorthy\.m2\repository\org\springframework\spring-context\3.2.6.RELEASE\spring-context-3.2.6.RELEASE.jar;C:\Users\Krishamoorthy\.m2\repository\org\springframework\spring-expression\3.2.6.RELEASE\spring-expression-3.2.6.RELEASE.jar;C:\Users\Krishamoorthy\.m2\repository\org\springframework\spring-core\3.2.6.RELEASE\spring-core-3.2.6.RELEASE.jar;C:\Users\Krishamoorthy\.m2\repository\commons-logging\commons-logging\1.1.1\commons-logging-1.1.1.jar;C:\Users\Krishamoorthy\.m2\repository\junit\junit\4.11\junit-4.11.jar;C:\Users\Krishamoorthy\.m2\repository\org\hamcrest\hamcrest-core\1.3\hamcrest-core-1.3.jar;"/>
    <property name="java.vm.specification.version" value="1.7"/>
    <property name="sun.arch.data.model" value="64"/>
    <property name="java.home" value="C:\dev\programs\jdk1.7.0_60\jre"/>
    <property name="sun.java.command" value="C:\dev\ws\java\CXFRest\cxfrest\target\surefire\surefirebooter4353310520247591716.jar C:\dev\ws\java\CXFRest\cxfrest\target\surefire\surefire4011387840365443913tmp C:\dev\ws\java\CXFRest\cxfrest\target\surefire\surefire101506850144714951tmp"/>
    <property name="service.url" value="http://localhost:58426/jaxrs-service"/>
    <property name="java.specification.vendor" value="Oracle Corporation"/>
    <property name="user.language" value="en"/>
    <property name="awt.toolkit" value="sun.awt.windows.WToolkit"/>
    <property name="java.vm.info" value="mixed mode"/>
    <property name="java.version" value="1.7.0_60"/>
    <property name="java.ext.dirs" value="C:\dev\programs\jdk1.7.0_60\jre\lib\ext;C:\windows\Sun\Java\lib\ext"/>
    <property name="sun.boot.class.path" value="C:\dev\programs\jdk1.7.0_60\jre\lib\resources.jar;C:\dev\programs\jdk1.7.0_60\jre\lib\rt.jar;C:\dev\programs\jdk1.7.0_60\jre\lib\sunrsasign.jar;C:\dev\programs\jdk1.7.0_60\jre\lib\jsse.jar;C:\dev\programs\jdk1.7.0_60\jre\lib\jce.jar;C:\dev\programs\jdk1.7.0_60\jre\lib\charsets.jar;C:\dev\programs\jdk1.7.0_60\jre\lib\jfr.jar;C:\dev\programs\jdk1.7.0_60\jre\classes"/>
    <property name="java.vendor" value="Oracle Corporation"/>
    <property name="localRepository" value="C:\Users\Krishamoorthy\.m2\repository"/>
    <property name="file.separator" value="\"/>
    <property name="java.vendor.url.bug" value="http://bugreport.sun.com/bugreport/"/>
    <property name="sun.cpu.endian" value="little"/>
    <property name="sun.io.unicode.encoding" value="UnicodeLittle"/>
    <property name="sun.desktop" value="windows"/>
    <property name="sun.cpu.isalist" value="amd64"/>
  </properties>
  <testcase time="1.57" classname="net.shazam.rnd.cxfrest.HelloWorldIT" name="testJsonRoundtrip"/>
  <testcase time="0.012" classname="net.shazam.rnd.cxfrest.HelloWorldIT" name="testPing"/>
</testsuite>